This is e-pTeX, Version 3.14159265-p3.6-141210-2.6 (utf8.euc) (TeX Live 2015/Debian) (preloaded format=platex 2017.3.12)  2 JUN 2017 16:24
entering extended mode
 restricted \write18 enabled.
 %&-line parsing enabled.
**080_energy_temp.tex
(./080_energy_temp.tex
pLaTeX2e <2006/11/10> (based on LaTeX2e <2016/02/01> patch level 0)
Babel <3.9n> and hyphenation patterns for 11 languages loaded.
! Undefined control sequence.
l.2 \chapter
            {熱力学入門}
? 

! LaTeX Error: Missing \begin{document}.

See the LaTeX manual or LaTeX Companion for explanation.
Type  H <return>  for immediate help.
 ...                                              
                                                  
l.2 \chapter{熱
               力学入門}
? 

Overfull \hbox (20.0pt too wide) in paragraph at lines 2--3
[]
 []


Overfull \hbox (9.62216pt too wide) in paragraph at lines 2--3
\JY1/mc/m/n/10 熱
 []


Overfull \hbox (9.62216pt too wide) in paragraph at lines 2--3
\JY1/mc/m/n/10 力
 []


Overfull \hbox (9.62216pt too wide) in paragraph at lines 2--3
\JY1/mc/m/n/10 学
 []


Overfull \hbox (9.62216pt too wide) in paragraph at lines 2--3
\JY1/mc/m/n/10 入
 []


Overfull \hbox (9.62216pt too wide) in paragraph at lines 2--3
\JY1/mc/m/n/10 門 
 []


! LaTeX Error: Missing \begin{document}.

See the LaTeX manual or LaTeX Companion for explanation.
Type  H <return>  for immediate help.
 ...                                              
                                                  
l.4 熱
      力学は「化学I」や秋学期「物理学II」で学ぶ。しかし,
? 
! Interruption.
\GenericError  ...                                
                                                  \endgroup 
l.4 熱
      力学は「化学I」や秋学期「物理学II」で学ぶ。しかし,
? ^^X
Type <return> to proceed, S to scroll future error messages,
R to run without stopping, Q to run quietly,
I to insert something, E to edit your file,
H for help, X to quit.
? d
Type <return> to proceed, S to scroll future error messages,
R to run without stopping, Q to run quietly,
I to insert something, E to edit your file,
H for help, X to quit.
? x
 
Here is how much of TeX's memory you used:
 4 strings out of 494865
 74 string characters out of 6179769
 50038 words of memory out of 5000000
 3527 multiletter control sequences out of 15000+600000
 7511 words of font info for 31 fonts, out of 8000000 for 9000
 264 hyphenation exceptions out of 8191
 5i,0n,4p,82b,16s stack positions out of 5000i,500n,10000p,200000b,80000s
No pages of output.
